Hmm ... looks like a package
Converting parsed Rd's to LaTeX .
Creating pdf output from LaTeX ...

This is pdfTeX, Version 3.141592653-2.6-1.40.26 (TeX Live 2024) (preloaded format=pdflatex)
 restricted \write18 enabled.
entering extended mode
LaTeX2e <2023-11-01> patch level 1
L3 programming layer <2024-02-20>
(./Rd2.tex
(/usr/local/texlive/2024/texmf-dist/tex/latex/base/book.cls
Document Class: book 2023/05/17 v1.4n Standard LaTeX document class
(/usr/local/texlive/2024/texmf-dist/tex/latex/base/bk10.clo))
(/Library/Frameworks/R.framework/Resources/share/texmf/tex/latex/Rd.sty
(/usr/local/texlive/2024/texmf-dist/tex/latex/base/ifthen.sty)
(/usr/local/texlive/2024/texmf-dist/tex/generic/iftex/iftex.sty)
(/usr/local/texlive/2024/texmf-dist/tex/latex/tools/longtable.sty)
(/usr/local/texlive/2024/texmf-dist/tex/latex/tools/bm.sty)
(/usr/local/texlive/2024/texmf-dist/tex/latex/base/alltt.sty)
(/usr/local/texlive/2024/texmf-dist/tex/latex/tools/verbatim.sty)
(/usr/local/texlive/2024/texmf-dist/tex/latex/url/url.sty)
(/usr/local/texlive/2024/texmf-dist/tex/latex/base/textcomp.sty)
(/usr/local/texlive/2024/texmf-dist/tex/latex/amsmath/amsmath.sty
For additional information on amsmath, use the `?' option.
(/usr/local/texlive/2024/texmf-dist/tex/latex/amsmath/amstext.sty
(/usr/local/texlive/2024/texmf-dist/tex/latex/amsmath/amsgen.sty))
(/usr/local/texlive/2024/texmf-dist/tex/latex/amsmath/amsbsy.sty)
(/usr/local/texlive/2024/texmf-dist/tex/latex/amsmath/amsopn.sty))
(/usr/local/texlive/2024/texmf-dist/tex/latex/amsfonts/amsfonts.sty)
(/usr/local/texlive/2024/texmf-dist/tex/latex/amsfonts/amssymb.sty)
(/usr/local/texlive/2024/texmf-dist/tex/latex/jknapltx/mathrsfs.sty)
(/usr/local/texlive/2024/texmf-dist/tex/latex/base/fontenc.sty)
(/usr/local/texlive/2024/texmf-dist/tex/latex/psnfss/times.sty)
(/usr/local/texlive/2024/texmf-dist/tex/latex/inconsolata/zi4.sty
`inconsolata-zi4' v1.12, 2019/05/17 Text macros for Inconsolata (msharpe)
(/usr/local/texlive/2024/texmf-dist/tex/latex/xkeyval/xkeyval.sty
(/usr/local/texlive/2024/texmf-dist/tex/generic/xkeyval/xkeyval.tex
(/usr/local/texlive/2024/texmf-dist/tex/generic/xkeyval/xkvutils.tex
(/usr/local/texlive/2024/texmf-dist/tex/generic/xkeyval/keyval.tex)))))
(/usr/local/texlive/2024/texmf-dist/tex/latex/graphics/color.sty
(/usr/local/texlive/2024/texmf-dist/tex/latex/graphics-cfg/color.cfg)
(/usr/local/texlive/2024/texmf-dist/tex/latex/graphics-def/pdftex.def)
(/usr/local/texlive/2024/texmf-dist/tex/latex/graphics/mathcolor.ltx))
(/usr/local/texlive/2024/texmf-dist/tex/latex/hyperref/hyperref.sty
(/usr/local/texlive/2024/texmf-dist/tex/latex/kvsetkeys/kvsetkeys.sty)
(/usr/local/texlive/2024/texmf-dist/tex/generic/kvdefinekeys/kvdefinekeys.sty)
(/usr/local/texlive/2024/texmf-dist/tex/generic/pdfescape/pdfescape.sty
(/usr/local/texlive/2024/texmf-dist/tex/generic/ltxcmds/ltxcmds.sty)
(/usr/local/texlive/2024/texmf-dist/tex/generic/pdftexcmds/pdftexcmds.sty
(/usr/local/texlive/2024/texmf-dist/tex/generic/infwarerr/infwarerr.sty)))
(/usr/local/texlive/2024/texmf-dist/tex/latex/hycolor/hycolor.sty)
(/usr/local/texlive/2024/texmf-dist/tex/latex/auxhook/auxhook.sty)
(/usr/local/texlive/2024/texmf-dist/tex/latex/hyperref/nameref.sty
(/usr/local/texlive/2024/texmf-dist/tex/latex/refcount/refcount.sty)
(/usr/local/texlive/2024/texmf-dist/tex/generic/gettitlestring/gettitlestring.s
ty (/usr/local/texlive/2024/texmf-dist/tex/latex/kvoptions/kvoptions.sty)))
(/usr/local/texlive/2024/texmf-dist/tex/latex/etoolbox/etoolbox.sty)
(/usr/local/texlive/2024/texmf-dist/tex/latex/hyperref/pd1enc.def)
(/usr/local/texlive/2024/texmf-dist/tex/generic/intcalc/intcalc.sty)
(/usr/local/texlive/2024/texmf-dist/tex/latex/hyperref/puenc.def)
(/usr/local/texlive/2024/texmf-dist/tex/generic/bitset/bitset.sty
(/usr/local/texlive/2024/texmf-dist/tex/generic/bigintcalc/bigintcalc.sty))
(/usr/local/texlive/2024/texmf-dist/tex/latex/base/atbegshi-ltx.sty))
(/usr/local/texlive/2024/texmf-dist/tex/latex/hyperref/hpdftex.def
(/usr/local/texlive/2024/texmf-dist/tex/latex/base/atveryend-ltx.sty)
(/usr/local/texlive/2024/texmf-dist/tex/latex/rerunfilecheck/rerunfilecheck.sty

(/usr/local/texlive/2024/texmf-dist/tex/generic/uniquecounter/uniquecounter.sty
)))) (/usr/local/texlive/2024/texmf-dist/tex/latex/base/makeidx.sty)
Writing index file Rd2.idx
(/usr/local/texlive/2024/texmf-dist/tex/latex/psnfss/t1ptm.fd)
(/usr/local/texlive/2024/texmf-dist/tex/latex/l3backend/l3backend-pdftex.def)
No file Rd2.aux.
(/usr/local/texlive/2024/texmf-dist/tex/context/base/mkii/supp-pdf.mkii
[Loading MPS to PDF converter (version 2006.09.02).]
) (/usr/local/texlive/2024/texmf-dist/tex/latex/inconsolata/t1zi4.fd)
No file Rd2.toc.
(/usr/local/texlive/2024/texmf-dist/tex/latex/amsfonts/umsa.fd)
(/usr/local/texlive/2024/texmf-dist/tex/latex/amsfonts/umsb.fd)
(/usr/local/texlive/2024/texmf-dist/tex/latex/jknapltx/ursfs.fd) [1{/usr/local/
texlive/2024/texmf-var/fonts/map/pdftex/updmap/pdftex.map}{/usr/local/texlive/2
024/texmf-dist/fonts/enc/dvips/base/8r.enc}{/usr/local/texlive/2024/texmf-dist/
fonts/enc/dvips/inconsolata/i4-t1-0.enc}] [2] [3] [4]
(/usr/local/texlive/2024/texmf-dist/tex/latex/psnfss/ts1ptm.fd) [5] [6]
Overfull \hbox (51.93982pt too wide) in paragraph at lines 361--364
\T1/ptm/m/n/10 be named []\T1/zi4/m/n/10 {bootDataNameTag}_0.csv []\T1/ptm/m/n/
10 for the orig-i-nal data and []\T1/zi4/m/n/10 {bootDataNameTag}_1.csv[]\T1/pt
m/m/n/10 ,

Overfull \hbox (2.62633pt too wide) in paragraph at lines 391--393
[]\T1/ptm/m/n/10 A one-row data frame where each col-umn cor-re-sponds to a co-
ef-fi-cient or sum-mary statis-tic. Columns
[7] [8]
Overfull \hbox (23.55797pt too wide) in paragraph at lines 537--540
[][][]\T1/zi4/m/n/10 heatmap2[][][] []\T1/ptm/m/n/10 for plot-ting ma-tri-ces d
i-rectly, [][][]\T1/zi4/m/n/10 MakeHeatMap[][][] []\T1/ptm/m/n/10 for model-bas
ed pre-dic-tion heat maps, [][][]\T1/zi4/m/n/10 image.plot[][][]
[9]
Overfull \hbox (13.76787pt too wide) in paragraph at lines 587--589
[]\T1/ptm/m/n/10 Optional char-ac-ter vec-tor of la-bels for rows. If []\T1/zi4
/m/n/10 NULL []\T1/ptm/m/n/10 (de-fault), uses []\T1/zi4/m/n/10 rownames(mat)[]
\T1/ptm/m/n/10 . 

Overfull \hbox (28.46767pt too wide) in paragraph at lines 590--592
[]\T1/ptm/m/n/10 Optional char-ac-ter vec-tor of la-bels for columns. If []\T1/
zi4/m/n/10 NULL []\T1/ptm/m/n/10 (de-fault), uses []\T1/zi4/m/n/10 colnames(mat
)[]\T1/ptm/m/n/10 . 
[10] [11] [12] [13] [14] [15]
Overfull \hbox (97.41786pt too wide) in paragraph at lines 952--955
[]\T1/ptm/m/n/10 Character string used as the base name for out-put files. File
s are named []\T1/zi4/m/n/10 tab{nameTag}_SE{seType}.tex
[16]
Overfull \hbox (1.55685pt too wide) in paragraph at lines 1007--1009
[]\T1/ptm/m/n/10 Invisibly re-turns []\T1/zi4/m/n/10 NULL[]\T1/ptm/m/n/10 . The
 func-tion is called for its side ef-fect of writ-ing La-TeX files to []\T1/zi4
/m/n/10 saveFolder[]\T1/ptm/m/n/10 . 

Overfull \hbox (71.91847pt too wide) in paragraph at lines 1024--1027
[][][]\T1/zi4/m/n/10 GetTableEntry[][][] []\T1/ptm/m/n/10 for ex-tract-ing in-d
i-vid-ual model re-sults, [][][]\T1/zi4/m/n/10 FullTransformer[][][] []\T1/ptm/
m/n/10 for ta-ble clean-ing, [][][]\T1/zi4/m/n/10 Stargazer2FullTable[][][]
[17]
Overfull \hbox (4.79692pt too wide) in paragraph at lines 1092--1095
[][][]\T1/zi4/m/n/10 GetTableEntry[][][] []\T1/ptm/m/n/10 which uses this func-
tion for clus-tered stan-dard er-rors, [][][]\T1/zi4/m/n/10 vcovHC[][][] []\T1/
ptm/m/n/10 for heteroskedasticity-
[18]
Overfull \hbox (11.23715pt too wide) in paragraph at lines 1117--1120
[]\T1/ptm/m/n/10 Adds hor-i-zon-tal mar-gin ad-just-ments to a La-TeX ta-ble by
 wrap-ping the ta-ble con-tent in an []\T1/zi4/m/n/10 adjustwidth
[19]
No file Rd2.ind.
[20]
(/private/var/folders/gv/l5wlstr55gl_g0pgx6k47z9m0000gn/T/RtmpFvV28w/Rd2pdf27ff
6dfd6832/Rd2.aux)

Package rerunfilecheck Warning: File `Rd2.out' has changed.
(rerunfilecheck)                Rerun to get outlines right
(rerunfilecheck)                or use package `bookmark'.

 )
(see the transcript file for additional information)
pdfTeX warning (dest): name{Rfn.vcovHC} has been referenced but does not exist,
 replaced by a fixed one


pdfTeX warning (dest): name{Rfn.stargazer} has been referenced but does not exi
st, replaced by a fixed one


pdfTeX warning (dest): name{Rfn.image} has been referenced but does not exist, 
replaced by a fixed one


pdfTeX warning (dest): name{Rfn.geom.Rul.tile} has been referenced but does not
 exist, replaced by a fixed one


pdfTeX warning (dest): name{Rfn.image.plot} has been referenced but does not ex
ist, replaced by a fixed one

</usr/local/texlive/2024/texmf-dist/fonts/type1/public/inconsolata/Inconsolata-
zi4r.pfb></usr/local/texlive/2024/texmf-dist/fonts/type1/public/amsfonts/cm/cmm
i10.pfb></usr/local/texlive/2024/texmf-dist/fonts/type1/public/amsfonts/cm/cmr1
0.pfb></usr/local/texlive/2024/texmf-dist/fonts/type1/public/amsfonts/cm/cmsy10
.pfb></usr/local/texlive/2024/texmf-dist/fonts/type1/urw/times/utmb8a.pfb></usr
/local/texlive/2024/texmf-dist/fonts/type1/urw/times/utmr8a.pfb></usr/local/tex
live/2024/texmf-dist/fonts/type1/urw/times/utmr8a.pfb></usr/local/texlive/2024/
texmf-dist/fonts/type1/urw/times/utmri8a.pfb>
Output written on Rd2.pdf (20 pages, 148247 bytes).
Transcript written on Rd2.log.
This is makeindex, version 2.17 [TeX Live 2024] (kpathsea + Thai support).
Scanning input file Rd2.idx....done (58 entries accepted, 0 rejected).
Sorting entries....done (387 comparisons).
Generating output file Rd2.ind....done (67 lines written, 4 warnings).
Output written in Rd2.ind.
Transcript written in Rd2.ilg.
This is pdfTeX, Version 3.141592653-2.6-1.40.26 (TeX Live 2024) (preloaded format=pdflatex)
 restricted \write18 enabled.
entering extended mode
LaTeX2e <2023-11-01> patch level 1
L3 programming layer <2024-02-20>
(./Rd2.tex
(/usr/local/texlive/2024/texmf-dist/tex/latex/base/book.cls
Document Class: book 2023/05/17 v1.4n Standard LaTeX document class
(/usr/local/texlive/2024/texmf-dist/tex/latex/base/bk10.clo))
(/Library/Frameworks/R.framework/Resources/share/texmf/tex/latex/Rd.sty
(/usr/local/texlive/2024/texmf-dist/tex/latex/base/ifthen.sty)
(/usr/local/texlive/2024/texmf-dist/tex/generic/iftex/iftex.sty)
(/usr/local/texlive/2024/texmf-dist/tex/latex/tools/longtable.sty)
(/usr/local/texlive/2024/texmf-dist/tex/latex/tools/bm.sty)
(/usr/local/texlive/2024/texmf-dist/tex/latex/base/alltt.sty)
(/usr/local/texlive/2024/texmf-dist/tex/latex/tools/verbatim.sty)
(/usr/local/texlive/2024/texmf-dist/tex/latex/url/url.sty)
(/usr/local/texlive/2024/texmf-dist/tex/latex/base/textcomp.sty)
(/usr/local/texlive/2024/texmf-dist/tex/latex/amsmath/amsmath.sty
For additional information on amsmath, use the `?' option.
(/usr/local/texlive/2024/texmf-dist/tex/latex/amsmath/amstext.sty
(/usr/local/texlive/2024/texmf-dist/tex/latex/amsmath/amsgen.sty))
(/usr/local/texlive/2024/texmf-dist/tex/latex/amsmath/amsbsy.sty)
(/usr/local/texlive/2024/texmf-dist/tex/latex/amsmath/amsopn.sty))
(/usr/local/texlive/2024/texmf-dist/tex/latex/amsfonts/amsfonts.sty)
(/usr/local/texlive/2024/texmf-dist/tex/latex/amsfonts/amssymb.sty)
(/usr/local/texlive/2024/texmf-dist/tex/latex/jknapltx/mathrsfs.sty)
(/usr/local/texlive/2024/texmf-dist/tex/latex/base/fontenc.sty)
(/usr/local/texlive/2024/texmf-dist/tex/latex/psnfss/times.sty)
(/usr/local/texlive/2024/texmf-dist/tex/latex/inconsolata/zi4.sty
`inconsolata-zi4' v1.12, 2019/05/17 Text macros for Inconsolata (msharpe)
(/usr/local/texlive/2024/texmf-dist/tex/latex/xkeyval/xkeyval.sty
(/usr/local/texlive/2024/texmf-dist/tex/generic/xkeyval/xkeyval.tex
(/usr/local/texlive/2024/texmf-dist/tex/generic/xkeyval/xkvutils.tex
(/usr/local/texlive/2024/texmf-dist/tex/generic/xkeyval/keyval.tex)))))
(/usr/local/texlive/2024/texmf-dist/tex/latex/graphics/color.sty
(/usr/local/texlive/2024/texmf-dist/tex/latex/graphics-cfg/color.cfg)
(/usr/local/texlive/2024/texmf-dist/tex/latex/graphics-def/pdftex.def)
(/usr/local/texlive/2024/texmf-dist/tex/latex/graphics/mathcolor.ltx))
(/usr/local/texlive/2024/texmf-dist/tex/latex/hyperref/hyperref.sty
(/usr/local/texlive/2024/texmf-dist/tex/latex/kvsetkeys/kvsetkeys.sty)
(/usr/local/texlive/2024/texmf-dist/tex/generic/kvdefinekeys/kvdefinekeys.sty)
(/usr/local/texlive/2024/texmf-dist/tex/generic/pdfescape/pdfescape.sty
(/usr/local/texlive/2024/texmf-dist/tex/generic/ltxcmds/ltxcmds.sty)
(/usr/local/texlive/2024/texmf-dist/tex/generic/pdftexcmds/pdftexcmds.sty
(/usr/local/texlive/2024/texmf-dist/tex/generic/infwarerr/infwarerr.sty)))
(/usr/local/texlive/2024/texmf-dist/tex/latex/hycolor/hycolor.sty)
(/usr/local/texlive/2024/texmf-dist/tex/latex/auxhook/auxhook.sty)
(/usr/local/texlive/2024/texmf-dist/tex/latex/hyperref/nameref.sty
(/usr/local/texlive/2024/texmf-dist/tex/latex/refcount/refcount.sty)
(/usr/local/texlive/2024/texmf-dist/tex/generic/gettitlestring/gettitlestring.s
ty (/usr/local/texlive/2024/texmf-dist/tex/latex/kvoptions/kvoptions.sty)))
(/usr/local/texlive/2024/texmf-dist/tex/latex/etoolbox/etoolbox.sty)
(/usr/local/texlive/2024/texmf-dist/tex/latex/hyperref/pd1enc.def)
(/usr/local/texlive/2024/texmf-dist/tex/generic/intcalc/intcalc.sty)
(/usr/local/texlive/2024/texmf-dist/tex/latex/hyperref/puenc.def)
(/usr/local/texlive/2024/texmf-dist/tex/generic/bitset/bitset.sty
(/usr/local/texlive/2024/texmf-dist/tex/generic/bigintcalc/bigintcalc.sty))
(/usr/local/texlive/2024/texmf-dist/tex/latex/base/atbegshi-ltx.sty))
(/usr/local/texlive/2024/texmf-dist/tex/latex/hyperref/hpdftex.def
(/usr/local/texlive/2024/texmf-dist/tex/latex/base/atveryend-ltx.sty)
(/usr/local/texlive/2024/texmf-dist/tex/latex/rerunfilecheck/rerunfilecheck.sty

(/usr/local/texlive/2024/texmf-dist/tex/generic/uniquecounter/uniquecounter.sty
)))) (/usr/local/texlive/2024/texmf-dist/tex/latex/base/makeidx.sty)
Writing index file Rd2.idx
(/usr/local/texlive/2024/texmf-dist/tex/latex/psnfss/t1ptm.fd)
(/usr/local/texlive/2024/texmf-dist/tex/latex/l3backend/l3backend-pdftex.def)
(/private/var/folders/gv/l5wlstr55gl_g0pgx6k47z9m0000gn/T/RtmpFvV28w/Rd2pdf27ff
6dfd6832/Rd2.aux)
(/usr/local/texlive/2024/texmf-dist/tex/context/base/mkii/supp-pdf.mkii
[Loading MPS to PDF converter (version 2006.09.02).]
)
(/private/var/folders/gv/l5wlstr55gl_g0pgx6k47z9m0000gn/T/RtmpFvV28w/Rd2pdf27ff
6dfd6832/Rd2.out)
(/private/var/folders/gv/l5wlstr55gl_g0pgx6k47z9m0000gn/T/RtmpFvV28w/Rd2pdf27ff
6dfd6832/Rd2.out)
(/usr/local/texlive/2024/texmf-dist/tex/latex/inconsolata/t1zi4.fd)
(/private/var/folders/gv/l5wlstr55gl_g0pgx6k47z9m0000gn/T/RtmpFvV28w/Rd2pdf27ff
6dfd6832/Rd2.toc (/usr/local/texlive/2024/texmf-dist/tex/latex/amsfonts/umsa.fd
) (/usr/local/texlive/2024/texmf-dist/tex/latex/amsfonts/umsb.fd)
(/usr/local/texlive/2024/texmf-dist/tex/latex/jknapltx/ursfs.fd)) [1{/usr/local
/texlive/2024/texmf-var/fonts/map/pdftex/updmap/pdftex.map}{/usr/local/texlive/
2024/texmf-dist/fonts/enc/dvips/base/8r.enc}{/usr/local/texlive/2024/texmf-dist
/fonts/enc/dvips/inconsolata/i4-t1-0.enc}] [2] [3] [4]
(/usr/local/texlive/2024/texmf-dist/tex/latex/psnfss/ts1ptm.fd) [5] [6]
Overfull \hbox (51.93982pt too wide) in paragraph at lines 361--364
\T1/ptm/m/n/10 be named []\T1/zi4/m/n/10 {bootDataNameTag}_0.csv []\T1/ptm/m/n/
10 for the orig-i-nal data and []\T1/zi4/m/n/10 {bootDataNameTag}_1.csv[]\T1/pt
m/m/n/10 ,

Overfull \hbox (2.62633pt too wide) in paragraph at lines 391--393
[]\T1/ptm/m/n/10 A one-row data frame where each col-umn cor-re-sponds to a co-
ef-fi-cient or sum-mary statis-tic. Columns
[7] [8]
Overfull \hbox (23.55797pt too wide) in paragraph at lines 537--540
[][][]\T1/zi4/m/n/10 heatmap2[][][] []\T1/ptm/m/n/10 for plot-ting ma-tri-ces d
i-rectly, [][][]\T1/zi4/m/n/10 MakeHeatMap[][][] []\T1/ptm/m/n/10 for model-bas
ed pre-dic-tion heat maps, [][][]\T1/zi4/m/n/10 image.plot[][][]
[9]
Overfull \hbox (13.76787pt too wide) in paragraph at lines 587--589
[]\T1/ptm/m/n/10 Optional char-ac-ter vec-tor of la-bels for rows. If []\T1/zi4
/m/n/10 NULL []\T1/ptm/m/n/10 (de-fault), uses []\T1/zi4/m/n/10 rownames(mat)[]
\T1/ptm/m/n/10 . 

Overfull \hbox (28.46767pt too wide) in paragraph at lines 590--592
[]\T1/ptm/m/n/10 Optional char-ac-ter vec-tor of la-bels for columns. If []\T1/
zi4/m/n/10 NULL []\T1/ptm/m/n/10 (de-fault), uses []\T1/zi4/m/n/10 colnames(mat
)[]\T1/ptm/m/n/10 . 
[10] [11] [12] [13] [14] [15]
Overfull \hbox (97.41786pt too wide) in paragraph at lines 952--955
[]\T1/ptm/m/n/10 Character string used as the base name for out-put files. File
s are named []\T1/zi4/m/n/10 tab{nameTag}_SE{seType}.tex
[16]
Overfull \hbox (1.55685pt too wide) in paragraph at lines 1007--1009
[]\T1/ptm/m/n/10 Invisibly re-turns []\T1/zi4/m/n/10 NULL[]\T1/ptm/m/n/10 . The
 func-tion is called for its side ef-fect of writ-ing La-TeX files to []\T1/zi4
/m/n/10 saveFolder[]\T1/ptm/m/n/10 . 

Overfull \hbox (71.91847pt too wide) in paragraph at lines 1024--1027
[][][]\T1/zi4/m/n/10 GetTableEntry[][][] []\T1/ptm/m/n/10 for ex-tract-ing in-d
i-vid-ual model re-sults, [][][]\T1/zi4/m/n/10 FullTransformer[][][] []\T1/ptm/
m/n/10 for ta-ble clean-ing, [][][]\T1/zi4/m/n/10 Stargazer2FullTable[][][]
[17]
Overfull \hbox (4.79692pt too wide) in paragraph at lines 1092--1095
[][][]\T1/zi4/m/n/10 GetTableEntry[][][] []\T1/ptm/m/n/10 which uses this func-
tion for clus-tered stan-dard er-rors, [][][]\T1/zi4/m/n/10 vcovHC[][][] []\T1/
ptm/m/n/10 for heteroskedasticity-
[18]
Overfull \hbox (11.23715pt too wide) in paragraph at lines 1117--1120
[]\T1/ptm/m/n/10 Adds hor-i-zon-tal mar-gin ad-just-ments to a La-TeX ta-ble by
 wrap-ping the ta-ble con-tent in an []\T1/zi4/m/n/10 adjustwidth
[19]
(/private/var/folders/gv/l5wlstr55gl_g0pgx6k47z9m0000gn/T/RtmpFvV28w/Rd2pdf27ff
6dfd6832/Rd2.ind [20] [21])
(/private/var/folders/gv/l5wlstr55gl_g0pgx6k47z9m0000gn/T/RtmpFvV28w/Rd2pdf27ff
6dfd6832/Rd2.aux)

Package rerunfilecheck Warning: File `Rd2.out' has changed.
(rerunfilecheck)                Rerun to get outlines right
(rerunfilecheck)                or use package `bookmark'.

 )
(see the transcript file for additional information)
pdfTeX warning (dest): name{Rfn.vcovHC} has been referenced but does not exist,
 replaced by a fixed one


pdfTeX warning (dest): name{Rfn.stargazer} has been referenced but does not exi
st, replaced by a fixed one


pdfTeX warning (dest): name{Rfn.image} has been referenced but does not exist, 
replaced by a fixed one


pdfTeX warning (dest): name{Rfn.geom.Rul.tile} has been referenced but does not
 exist, replaced by a fixed one


pdfTeX warning (dest): name{Rfn.image.plot} has been referenced but does not ex
ist, replaced by a fixed one

</usr/local/texlive/2024/texmf-dist/fonts/type1/public/inconsolata/Inconsolata-
zi4r.pfb></usr/local/texlive/2024/texmf-dist/fonts/type1/public/amsfonts/cm/cmm
i10.pfb></usr/local/texlive/2024/texmf-dist/fonts/type1/public/amsfonts/cm/cmr1
0.pfb></usr/local/texlive/2024/texmf-dist/fonts/type1/public/amsfonts/cm/cmsy10
.pfb></usr/local/texlive/2024/texmf-dist/fonts/type1/urw/times/utmb8a.pfb></usr
/local/texlive/2024/texmf-dist/fonts/type1/urw/times/utmr8a.pfb></usr/local/tex
live/2024/texmf-dist/fonts/type1/urw/times/utmr8a.pfb></usr/local/texlive/2024/
texmf-dist/fonts/type1/urw/times/utmri8a.pfb>
Output written on Rd2.pdf (21 pages, 153925 bytes).
Transcript written on Rd2.log.
This is makeindex, version 2.17 [TeX Live 2024] (kpathsea + Thai support).
Scanning input file Rd2.idx....done (58 entries accepted, 0 rejected).
Sorting entries....done (386 comparisons).
Generating output file Rd2.ind....done (66 lines written, 6 warnings).
Output written in Rd2.ind.
Transcript written in Rd2.ilg.
This is pdfTeX, Version 3.141592653-2.6-1.40.26 (TeX Live 2024) (preloaded format=pdflatex)
 restricted \write18 enabled.
entering extended mode
LaTeX2e <2023-11-01> patch level 1
L3 programming layer <2024-02-20>
(./Rd2.tex
(/usr/local/texlive/2024/texmf-dist/tex/latex/base/book.cls
Document Class: book 2023/05/17 v1.4n Standard LaTeX document class
(/usr/local/texlive/2024/texmf-dist/tex/latex/base/bk10.clo))
(/Library/Frameworks/R.framework/Resources/share/texmf/tex/latex/Rd.sty
(/usr/local/texlive/2024/texmf-dist/tex/latex/base/ifthen.sty)
(/usr/local/texlive/2024/texmf-dist/tex/generic/iftex/iftex.sty)
(/usr/local/texlive/2024/texmf-dist/tex/latex/tools/longtable.sty)
(/usr/local/texlive/2024/texmf-dist/tex/latex/tools/bm.sty)
(/usr/local/texlive/2024/texmf-dist/tex/latex/base/alltt.sty)
(/usr/local/texlive/2024/texmf-dist/tex/latex/tools/verbatim.sty)
(/usr/local/texlive/2024/texmf-dist/tex/latex/url/url.sty)
(/usr/local/texlive/2024/texmf-dist/tex/latex/base/textcomp.sty)
(/usr/local/texlive/2024/texmf-dist/tex/latex/amsmath/amsmath.sty
For additional information on amsmath, use the `?' option.
(/usr/local/texlive/2024/texmf-dist/tex/latex/amsmath/amstext.sty
(/usr/local/texlive/2024/texmf-dist/tex/latex/amsmath/amsgen.sty))
(/usr/local/texlive/2024/texmf-dist/tex/latex/amsmath/amsbsy.sty)
(/usr/local/texlive/2024/texmf-dist/tex/latex/amsmath/amsopn.sty))
(/usr/local/texlive/2024/texmf-dist/tex/latex/amsfonts/amsfonts.sty)
(/usr/local/texlive/2024/texmf-dist/tex/latex/amsfonts/amssymb.sty)
(/usr/local/texlive/2024/texmf-dist/tex/latex/jknapltx/mathrsfs.sty)
(/usr/local/texlive/2024/texmf-dist/tex/latex/base/fontenc.sty)
(/usr/local/texlive/2024/texmf-dist/tex/latex/psnfss/times.sty)
(/usr/local/texlive/2024/texmf-dist/tex/latex/inconsolata/zi4.sty
`inconsolata-zi4' v1.12, 2019/05/17 Text macros for Inconsolata (msharpe)
(/usr/local/texlive/2024/texmf-dist/tex/latex/xkeyval/xkeyval.sty
(/usr/local/texlive/2024/texmf-dist/tex/generic/xkeyval/xkeyval.tex
(/usr/local/texlive/2024/texmf-dist/tex/generic/xkeyval/xkvutils.tex
(/usr/local/texlive/2024/texmf-dist/tex/generic/xkeyval/keyval.tex)))))
(/usr/local/texlive/2024/texmf-dist/tex/latex/graphics/color.sty
(/usr/local/texlive/2024/texmf-dist/tex/latex/graphics-cfg/color.cfg)
(/usr/local/texlive/2024/texmf-dist/tex/latex/graphics-def/pdftex.def)
(/usr/local/texlive/2024/texmf-dist/tex/latex/graphics/mathcolor.ltx))
(/usr/local/texlive/2024/texmf-dist/tex/latex/hyperref/hyperref.sty
(/usr/local/texlive/2024/texmf-dist/tex/latex/kvsetkeys/kvsetkeys.sty)
(/usr/local/texlive/2024/texmf-dist/tex/generic/kvdefinekeys/kvdefinekeys.sty)
(/usr/local/texlive/2024/texmf-dist/tex/generic/pdfescape/pdfescape.sty
(/usr/local/texlive/2024/texmf-dist/tex/generic/ltxcmds/ltxcmds.sty)
(/usr/local/texlive/2024/texmf-dist/tex/generic/pdftexcmds/pdftexcmds.sty
(/usr/local/texlive/2024/texmf-dist/tex/generic/infwarerr/infwarerr.sty)))
(/usr/local/texlive/2024/texmf-dist/tex/latex/hycolor/hycolor.sty)
(/usr/local/texlive/2024/texmf-dist/tex/latex/auxhook/auxhook.sty)
(/usr/local/texlive/2024/texmf-dist/tex/latex/hyperref/nameref.sty
(/usr/local/texlive/2024/texmf-dist/tex/latex/refcount/refcount.sty)
(/usr/local/texlive/2024/texmf-dist/tex/generic/gettitlestring/gettitlestring.s
ty (/usr/local/texlive/2024/texmf-dist/tex/latex/kvoptions/kvoptions.sty)))
(/usr/local/texlive/2024/texmf-dist/tex/latex/etoolbox/etoolbox.sty)
(/usr/local/texlive/2024/texmf-dist/tex/latex/hyperref/pd1enc.def)
(/usr/local/texlive/2024/texmf-dist/tex/generic/intcalc/intcalc.sty)
(/usr/local/texlive/2024/texmf-dist/tex/latex/hyperref/puenc.def)
(/usr/local/texlive/2024/texmf-dist/tex/generic/bitset/bitset.sty
(/usr/local/texlive/2024/texmf-dist/tex/generic/bigintcalc/bigintcalc.sty))
(/usr/local/texlive/2024/texmf-dist/tex/latex/base/atbegshi-ltx.sty))
(/usr/local/texlive/2024/texmf-dist/tex/latex/hyperref/hpdftex.def
(/usr/local/texlive/2024/texmf-dist/tex/latex/base/atveryend-ltx.sty)
(/usr/local/texlive/2024/texmf-dist/tex/latex/rerunfilecheck/rerunfilecheck.sty

(/usr/local/texlive/2024/texmf-dist/tex/generic/uniquecounter/uniquecounter.sty
)))) (/usr/local/texlive/2024/texmf-dist/tex/latex/base/makeidx.sty)
Writing index file Rd2.idx
(/usr/local/texlive/2024/texmf-dist/tex/latex/psnfss/t1ptm.fd)
(/usr/local/texlive/2024/texmf-dist/tex/latex/l3backend/l3backend-pdftex.def)
(/private/var/folders/gv/l5wlstr55gl_g0pgx6k47z9m0000gn/T/RtmpFvV28w/Rd2pdf27ff
6dfd6832/Rd2.aux)
(/usr/local/texlive/2024/texmf-dist/tex/context/base/mkii/supp-pdf.mkii
[Loading MPS to PDF converter (version 2006.09.02).]
)
(/private/var/folders/gv/l5wlstr55gl_g0pgx6k47z9m0000gn/T/RtmpFvV28w/Rd2pdf27ff
6dfd6832/Rd2.out)
(/private/var/folders/gv/l5wlstr55gl_g0pgx6k47z9m0000gn/T/RtmpFvV28w/Rd2pdf27ff
6dfd6832/Rd2.out)
(/usr/local/texlive/2024/texmf-dist/tex/latex/inconsolata/t1zi4.fd)
(/private/var/folders/gv/l5wlstr55gl_g0pgx6k47z9m0000gn/T/RtmpFvV28w/Rd2pdf27ff
6dfd6832/Rd2.toc (/usr/local/texlive/2024/texmf-dist/tex/latex/amsfonts/umsa.fd
) (/usr/local/texlive/2024/texmf-dist/tex/latex/amsfonts/umsb.fd)
(/usr/local/texlive/2024/texmf-dist/tex/latex/jknapltx/ursfs.fd) [1{/usr/local/
texlive/2024/texmf-var/fonts/map/pdftex/updmap/pdftex.map}{/usr/local/texlive/2
024/texmf-dist/fonts/enc/dvips/base/8r.enc}{/usr/local/texlive/2024/texmf-dist/
fonts/enc/dvips/inconsolata/i4-t1-0.enc}]) [2] [3] [4]
(/usr/local/texlive/2024/texmf-dist/tex/latex/psnfss/ts1ptm.fd) [5] [6]
Overfull \hbox (51.93982pt too wide) in paragraph at lines 361--364
\T1/ptm/m/n/10 be named []\T1/zi4/m/n/10 {bootDataNameTag}_0.csv []\T1/ptm/m/n/
10 for the orig-i-nal data and []\T1/zi4/m/n/10 {bootDataNameTag}_1.csv[]\T1/pt
m/m/n/10 ,
[7]
Overfull \hbox (2.62633pt too wide) in paragraph at lines 391--393
[]\T1/ptm/m/n/10 A one-row data frame where each col-umn cor-re-sponds to a co-
ef-fi-cient or sum-mary statis-tic. Columns
[8] [9]
Overfull \hbox (23.55797pt too wide) in paragraph at lines 537--540
[][][]\T1/zi4/m/n/10 heatmap2[][][] []\T1/ptm/m/n/10 for plot-ting ma-tri-ces d
i-rectly, [][][]\T1/zi4/m/n/10 MakeHeatMap[][][] []\T1/ptm/m/n/10 for model-bas
ed pre-dic-tion heat maps, [][][]\T1/zi4/m/n/10 image.plot[][][]
[10]
Overfull \hbox (13.76787pt too wide) in paragraph at lines 587--589
[]\T1/ptm/m/n/10 Optional char-ac-ter vec-tor of la-bels for rows. If []\T1/zi4
/m/n/10 NULL []\T1/ptm/m/n/10 (de-fault), uses []\T1/zi4/m/n/10 rownames(mat)[]
\T1/ptm/m/n/10 . 

Overfull \hbox (28.46767pt too wide) in paragraph at lines 590--592
[]\T1/ptm/m/n/10 Optional char-ac-ter vec-tor of la-bels for columns. If []\T1/
zi4/m/n/10 NULL []\T1/ptm/m/n/10 (de-fault), uses []\T1/zi4/m/n/10 colnames(mat
)[]\T1/ptm/m/n/10 . 
[11] [12] [13] [14] [15] [16]
Overfull \hbox (97.41786pt too wide) in paragraph at lines 952--955
[]\T1/ptm/m/n/10 Character string used as the base name for out-put files. File
s are named []\T1/zi4/m/n/10 tab{nameTag}_SE{seType}.tex

Overfull \hbox (1.55685pt too wide) in paragraph at lines 1007--1009
[]\T1/ptm/m/n/10 Invisibly re-turns []\T1/zi4/m/n/10 NULL[]\T1/ptm/m/n/10 . The
 func-tion is called for its side ef-fect of writ-ing La-TeX files to []\T1/zi4
/m/n/10 saveFolder[]\T1/ptm/m/n/10 . 
[17]
Overfull \hbox (71.91847pt too wide) in paragraph at lines 1024--1027
[][][]\T1/zi4/m/n/10 GetTableEntry[][][] []\T1/ptm/m/n/10 for ex-tract-ing in-d
i-vid-ual model re-sults, [][][]\T1/zi4/m/n/10 FullTransformer[][][] []\T1/ptm/
m/n/10 for ta-ble clean-ing, [][][]\T1/zi4/m/n/10 Stargazer2FullTable[][][]
[18]
Overfull \hbox (4.79692pt too wide) in paragraph at lines 1092--1095
[][][]\T1/zi4/m/n/10 GetTableEntry[][][] []\T1/ptm/m/n/10 which uses this func-
tion for clus-tered stan-dard er-rors, [][][]\T1/zi4/m/n/10 vcovHC[][][] []\T1/
ptm/m/n/10 for heteroskedasticity-

Overfull \hbox (11.23715pt too wide) in paragraph at lines 1117--1120
[]\T1/ptm/m/n/10 Adds hor-i-zon-tal mar-gin ad-just-ments to a La-TeX ta-ble by
 wrap-ping the ta-ble con-tent in an []\T1/zi4/m/n/10 adjustwidth
[19]
(/private/var/folders/gv/l5wlstr55gl_g0pgx6k47z9m0000gn/T/RtmpFvV28w/Rd2pdf27ff
6dfd6832/Rd2.ind [20] [21])
(/private/var/folders/gv/l5wlstr55gl_g0pgx6k47z9m0000gn/T/RtmpFvV28w/Rd2pdf27ff
6dfd6832/Rd2.aux) )
(see the transcript file for additional information)
pdfTeX warning (dest): name{Rfn.vcovHC} has been referenced but does not exist,
 replaced by a fixed one


pdfTeX warning (dest): name{Rfn.stargazer} has been referenced but does not exi
st, replaced by a fixed one


pdfTeX warning (dest): name{Rfn.image} has been referenced but does not exist, 
replaced by a fixed one


pdfTeX warning (dest): name{Rfn.geom.Rul.tile} has been referenced but does not
 exist, replaced by a fixed one


pdfTeX warning (dest): name{Rfn.image.plot} has been referenced but does not ex
ist, replaced by a fixed one

</usr/local/texlive/2024/texmf-dist/fonts/type1/public/inconsolata/Inconsolata-
zi4r.pfb></usr/local/texlive/2024/texmf-dist/fonts/type1/public/amsfonts/cm/cmm
i10.pfb></usr/local/texlive/2024/texmf-dist/fonts/type1/public/amsfonts/cm/cmr1
0.pfb></usr/local/texlive/2024/texmf-dist/fonts/type1/public/amsfonts/cm/cmsy10
.pfb></usr/local/texlive/2024/texmf-dist/fonts/type1/urw/times/utmb8a.pfb></usr
/local/texlive/2024/texmf-dist/fonts/type1/urw/times/utmr8a.pfb></usr/local/tex
live/2024/texmf-dist/fonts/type1/urw/times/utmr8a.pfb></usr/local/texlive/2024/
texmf-dist/fonts/type1/urw/times/utmri8a.pfb>
Output written on Rd2.pdf (21 pages, 154370 bytes).
Transcript written on Rd2.log.
This is makeindex, version 2.17 [TeX Live 2024] (kpathsea + Thai support).
Scanning input file Rd2.idx....done (58 entries accepted, 0 rejected).
Sorting entries....done (385 comparisons).
Generating output file Rd2.ind....done (68 lines written, 2 warnings).
Output written in Rd2.ind.
Transcript written in Rd2.ilg.
This is pdfTeX, Version 3.141592653-2.6-1.40.26 (TeX Live 2024) (preloaded format=pdflatex)
 restricted \write18 enabled.
entering extended mode
LaTeX2e <2023-11-01> patch level 1
L3 programming layer <2024-02-20>
(./Rd2.tex
(/usr/local/texlive/2024/texmf-dist/tex/latex/base/book.cls
Document Class: book 2023/05/17 v1.4n Standard LaTeX document class
(/usr/local/texlive/2024/texmf-dist/tex/latex/base/bk10.clo))
(/Library/Frameworks/R.framework/Resources/share/texmf/tex/latex/Rd.sty
(/usr/local/texlive/2024/texmf-dist/tex/latex/base/ifthen.sty)
(/usr/local/texlive/2024/texmf-dist/tex/generic/iftex/iftex.sty)
(/usr/local/texlive/2024/texmf-dist/tex/latex/tools/longtable.sty)
(/usr/local/texlive/2024/texmf-dist/tex/latex/tools/bm.sty)
(/usr/local/texlive/2024/texmf-dist/tex/latex/base/alltt.sty)
(/usr/local/texlive/2024/texmf-dist/tex/latex/tools/verbatim.sty)
(/usr/local/texlive/2024/texmf-dist/tex/latex/url/url.sty)
(/usr/local/texlive/2024/texmf-dist/tex/latex/base/textcomp.sty)
(/usr/local/texlive/2024/texmf-dist/tex/latex/amsmath/amsmath.sty
For additional information on amsmath, use the `?' option.
(/usr/local/texlive/2024/texmf-dist/tex/latex/amsmath/amstext.sty
(/usr/local/texlive/2024/texmf-dist/tex/latex/amsmath/amsgen.sty))
(/usr/local/texlive/2024/texmf-dist/tex/latex/amsmath/amsbsy.sty)
(/usr/local/texlive/2024/texmf-dist/tex/latex/amsmath/amsopn.sty))
(/usr/local/texlive/2024/texmf-dist/tex/latex/amsfonts/amsfonts.sty)
(/usr/local/texlive/2024/texmf-dist/tex/latex/amsfonts/amssymb.sty)
(/usr/local/texlive/2024/texmf-dist/tex/latex/jknapltx/mathrsfs.sty)
(/usr/local/texlive/2024/texmf-dist/tex/latex/base/fontenc.sty)
(/usr/local/texlive/2024/texmf-dist/tex/latex/psnfss/times.sty)
(/usr/local/texlive/2024/texmf-dist/tex/latex/inconsolata/zi4.sty
`inconsolata-zi4' v1.12, 2019/05/17 Text macros for Inconsolata (msharpe)
(/usr/local/texlive/2024/texmf-dist/tex/latex/xkeyval/xkeyval.sty
(/usr/local/texlive/2024/texmf-dist/tex/generic/xkeyval/xkeyval.tex
(/usr/local/texlive/2024/texmf-dist/tex/generic/xkeyval/xkvutils.tex
(/usr/local/texlive/2024/texmf-dist/tex/generic/xkeyval/keyval.tex)))))
(/usr/local/texlive/2024/texmf-dist/tex/latex/graphics/color.sty
(/usr/local/texlive/2024/texmf-dist/tex/latex/graphics-cfg/color.cfg)
(/usr/local/texlive/2024/texmf-dist/tex/latex/graphics-def/pdftex.def)
(/usr/local/texlive/2024/texmf-dist/tex/latex/graphics/mathcolor.ltx))
(/usr/local/texlive/2024/texmf-dist/tex/latex/hyperref/hyperref.sty
(/usr/local/texlive/2024/texmf-dist/tex/latex/kvsetkeys/kvsetkeys.sty)
(/usr/local/texlive/2024/texmf-dist/tex/generic/kvdefinekeys/kvdefinekeys.sty)
(/usr/local/texlive/2024/texmf-dist/tex/generic/pdfescape/pdfescape.sty
(/usr/local/texlive/2024/texmf-dist/tex/generic/ltxcmds/ltxcmds.sty)
(/usr/local/texlive/2024/texmf-dist/tex/generic/pdftexcmds/pdftexcmds.sty
(/usr/local/texlive/2024/texmf-dist/tex/generic/infwarerr/infwarerr.sty)))
(/usr/local/texlive/2024/texmf-dist/tex/latex/hycolor/hycolor.sty)
(/usr/local/texlive/2024/texmf-dist/tex/latex/auxhook/auxhook.sty)
(/usr/local/texlive/2024/texmf-dist/tex/latex/hyperref/nameref.sty
(/usr/local/texlive/2024/texmf-dist/tex/latex/refcount/refcount.sty)
(/usr/local/texlive/2024/texmf-dist/tex/generic/gettitlestring/gettitlestring.s
ty (/usr/local/texlive/2024/texmf-dist/tex/latex/kvoptions/kvoptions.sty)))
(/usr/local/texlive/2024/texmf-dist/tex/latex/etoolbox/etoolbox.sty)
(/usr/local/texlive/2024/texmf-dist/tex/latex/hyperref/pd1enc.def)
(/usr/local/texlive/2024/texmf-dist/tex/generic/intcalc/intcalc.sty)
(/usr/local/texlive/2024/texmf-dist/tex/latex/hyperref/puenc.def)
(/usr/local/texlive/2024/texmf-dist/tex/generic/bitset/bitset.sty
(/usr/local/texlive/2024/texmf-dist/tex/generic/bigintcalc/bigintcalc.sty))
(/usr/local/texlive/2024/texmf-dist/tex/latex/base/atbegshi-ltx.sty))
(/usr/local/texlive/2024/texmf-dist/tex/latex/hyperref/hpdftex.def
(/usr/local/texlive/2024/texmf-dist/tex/latex/base/atveryend-ltx.sty)
(/usr/local/texlive/2024/texmf-dist/tex/latex/rerunfilecheck/rerunfilecheck.sty

(/usr/local/texlive/2024/texmf-dist/tex/generic/uniquecounter/uniquecounter.sty
)))) (/usr/local/texlive/2024/texmf-dist/tex/latex/base/makeidx.sty)
Writing index file Rd2.idx
(/usr/local/texlive/2024/texmf-dist/tex/latex/psnfss/t1ptm.fd)
(/usr/local/texlive/2024/texmf-dist/tex/latex/l3backend/l3backend-pdftex.def)
(/private/var/folders/gv/l5wlstr55gl_g0pgx6k47z9m0000gn/T/RtmpFvV28w/Rd2pdf27ff
6dfd6832/Rd2.aux)
(/usr/local/texlive/2024/texmf-dist/tex/context/base/mkii/supp-pdf.mkii
[Loading MPS to PDF converter (version 2006.09.02).]
)
(/private/var/folders/gv/l5wlstr55gl_g0pgx6k47z9m0000gn/T/RtmpFvV28w/Rd2pdf27ff
6dfd6832/Rd2.out)
(/private/var/folders/gv/l5wlstr55gl_g0pgx6k47z9m0000gn/T/RtmpFvV28w/Rd2pdf27ff
6dfd6832/Rd2.out)
(/usr/local/texlive/2024/texmf-dist/tex/latex/inconsolata/t1zi4.fd)
(/private/var/folders/gv/l5wlstr55gl_g0pgx6k47z9m0000gn/T/RtmpFvV28w/Rd2pdf27ff
6dfd6832/Rd2.toc (/usr/local/texlive/2024/texmf-dist/tex/latex/amsfonts/umsa.fd
) (/usr/local/texlive/2024/texmf-dist/tex/latex/amsfonts/umsb.fd)
(/usr/local/texlive/2024/texmf-dist/tex/latex/jknapltx/ursfs.fd) [1{/usr/local/
texlive/2024/texmf-var/fonts/map/pdftex/updmap/pdftex.map}{/usr/local/texlive/2
024/texmf-dist/fonts/enc/dvips/base/8r.enc}{/usr/local/texlive/2024/texmf-dist/
fonts/enc/dvips/inconsolata/i4-t1-0.enc}]) [2] [3] [4]
(/usr/local/texlive/2024/texmf-dist/tex/latex/psnfss/ts1ptm.fd) [5] [6]
Overfull \hbox (51.93982pt too wide) in paragraph at lines 361--364
\T1/ptm/m/n/10 be named []\T1/zi4/m/n/10 {bootDataNameTag}_0.csv []\T1/ptm/m/n/
10 for the orig-i-nal data and []\T1/zi4/m/n/10 {bootDataNameTag}_1.csv[]\T1/pt
m/m/n/10 ,
[7]
Overfull \hbox (2.62633pt too wide) in paragraph at lines 391--393
[]\T1/ptm/m/n/10 A one-row data frame where each col-umn cor-re-sponds to a co-
ef-fi-cient or sum-mary statis-tic. Columns
[8] [9]
Overfull \hbox (23.55797pt too wide) in paragraph at lines 537--540
[][][]\T1/zi4/m/n/10 heatmap2[][][] []\T1/ptm/m/n/10 for plot-ting ma-tri-ces d
i-rectly, [][][]\T1/zi4/m/n/10 MakeHeatMap[][][] []\T1/ptm/m/n/10 for model-bas
ed pre-dic-tion heat maps, [][][]\T1/zi4/m/n/10 image.plot[][][]
[10]
Overfull \hbox (13.76787pt too wide) in paragraph at lines 587--589
[]\T1/ptm/m/n/10 Optional char-ac-ter vec-tor of la-bels for rows. If []\T1/zi4
/m/n/10 NULL []\T1/ptm/m/n/10 (de-fault), uses []\T1/zi4/m/n/10 rownames(mat)[]
\T1/ptm/m/n/10 . 

Overfull \hbox (28.46767pt too wide) in paragraph at lines 590--592
[]\T1/ptm/m/n/10 Optional char-ac-ter vec-tor of la-bels for columns. If []\T1/
zi4/m/n/10 NULL []\T1/ptm/m/n/10 (de-fault), uses []\T1/zi4/m/n/10 colnames(mat
)[]\T1/ptm/m/n/10 . 
[11] [12] [13] [14] [15] [16]
Overfull \hbox (97.41786pt too wide) in paragraph at lines 952--955
[]\T1/ptm/m/n/10 Character string used as the base name for out-put files. File
s are named []\T1/zi4/m/n/10 tab{nameTag}_SE{seType}.tex

Overfull \hbox (1.55685pt too wide) in paragraph at lines 1007--1009
[]\T1/ptm/m/n/10 Invisibly re-turns []\T1/zi4/m/n/10 NULL[]\T1/ptm/m/n/10 . The
 func-tion is called for its side ef-fect of writ-ing La-TeX files to []\T1/zi4
/m/n/10 saveFolder[]\T1/ptm/m/n/10 . 
[17]
Overfull \hbox (71.91847pt too wide) in paragraph at lines 1024--1027
[][][]\T1/zi4/m/n/10 GetTableEntry[][][] []\T1/ptm/m/n/10 for ex-tract-ing in-d
i-vid-ual model re-sults, [][][]\T1/zi4/m/n/10 FullTransformer[][][] []\T1/ptm/
m/n/10 for ta-ble clean-ing, [][][]\T1/zi4/m/n/10 Stargazer2FullTable[][][]
[18]
Overfull \hbox (4.79692pt too wide) in paragraph at lines 1092--1095
[][][]\T1/zi4/m/n/10 GetTableEntry[][][] []\T1/ptm/m/n/10 which uses this func-
tion for clus-tered stan-dard er-rors, [][][]\T1/zi4/m/n/10 vcovHC[][][] []\T1/
ptm/m/n/10 for heteroskedasticity-

Overfull \hbox (11.23715pt too wide) in paragraph at lines 1117--1120
[]\T1/ptm/m/n/10 Adds hor-i-zon-tal mar-gin ad-just-ments to a La-TeX ta-ble by
 wrap-ping the ta-ble con-tent in an []\T1/zi4/m/n/10 adjustwidth
[19]
(/private/var/folders/gv/l5wlstr55gl_g0pgx6k47z9m0000gn/T/RtmpFvV28w/Rd2pdf27ff
6dfd6832/Rd2.ind [20] [21])
(/private/var/folders/gv/l5wlstr55gl_g0pgx6k47z9m0000gn/T/RtmpFvV28w/Rd2pdf27ff
6dfd6832/Rd2.aux) )
(see the transcript file for additional information)
pdfTeX warning (dest): name{Rfn.vcovHC} has been referenced but does not exist,
 replaced by a fixed one


pdfTeX warning (dest): name{Rfn.stargazer} has been referenced but does not exi
st, replaced by a fixed one


pdfTeX warning (dest): name{Rfn.image} has been referenced but does not exist, 
replaced by a fixed one


pdfTeX warning (dest): name{Rfn.geom.Rul.tile} has been referenced but does not
 exist, replaced by a fixed one


pdfTeX warning (dest): name{Rfn.image.plot} has been referenced but does not ex
ist, replaced by a fixed one

</usr/local/texlive/2024/texmf-dist/fonts/type1/public/inconsolata/Inconsolata-
zi4r.pfb></usr/local/texlive/2024/texmf-dist/fonts/type1/public/amsfonts/cm/cmm
i10.pfb></usr/local/texlive/2024/texmf-dist/fonts/type1/public/amsfonts/cm/cmr1
0.pfb></usr/local/texlive/2024/texmf-dist/fonts/type1/public/amsfonts/cm/cmsy10
.pfb></usr/local/texlive/2024/texmf-dist/fonts/type1/urw/times/utmb8a.pfb></usr
/local/texlive/2024/texmf-dist/fonts/type1/urw/times/utmr8a.pfb></usr/local/tex
live/2024/texmf-dist/fonts/type1/urw/times/utmr8a.pfb></usr/local/texlive/2024/
texmf-dist/fonts/type1/urw/times/utmri8a.pfb>
Output written on Rd2.pdf (21 pages, 154334 bytes).
Transcript written on Rd2.log.
Saving output to ‘helpeRs-manual.pdf’ ...
Done
You may want to clean up by 'rm -Rf /var/folders/gv/l5wlstr55gl_g0pgx6k47z9m0000gn/T//RtmpFvV28w/Rd2pdf27ff6dfd6832'
