This is pdfTeX, Version 3.141592653-2.6-1.40.26 (TeX Live 2024) (preloaded format=pdflatex 2024.4.5)  16 MAR 2026 14:06
entering extended mode
 restricted \write18 enabled.
 %&-line parsing enabled.
**\input ./openout.tex
(./openout.tex
\ourwrite=\write3
\openout3 = `dum.dum'.


! Undefined control sequence.
l.3 \bye
        
? 
! Emergency stop.
l.3 
    
End of file on the terminal!

 
Here is how much of TeX's memory you used:
 18 strings out of 474116
 393 string characters out of 5743683
 1925187 words of memory out of 5000000
 22477 multiletter control sequences out of 15000+600000
 558069 words of font info for 36 fonts, out of 8000000 for 9000
 1141 hyphenation exceptions out of 8191
 11i,0n,13p,58b,8s stack positions out of 10000i,1000n,20000p,200000b,200000s
!  ==> Fatal error occurred, no output PDF file produced!
